0 info it worked if it ends with ok
1 verbose cli [ 'node',
1 verbose cli   '/Users/julianveling/.node/bin/npm',
1 verbose cli   'install',
1 verbose cli   'graphicsmagick',
1 verbose cli   '-g' ]
2 info using npm@2.12.1
3 info using node@v0.12.6
4 verbose node symlink /usr/local/bin/node
5 verbose install initial load of /Users/julianveling/.node/lib/package.json
6 verbose readDependencies loading dependencies from /Users/julianveling/.node/lib/package.json
7 silly cache add args [ 'graphicsmagick', null ]
8 verbose cache add spec graphicsmagick
9 silly cache add parsed spec { raw: 'graphicsmagick',
9 silly cache add   scope: null,
9 silly cache add   name: 'graphicsmagick',
9 silly cache add   rawSpec: '',
9 silly cache add   spec: '*',
9 silly cache add   type: 'range' }
10 silly addNamed graphicsmagick@*
11 verbose addNamed "*" is a valid semver range for graphicsmagick
12 silly addNameRange { name: 'graphicsmagick', range: '*', hasData: false }
13 silly mapToRegistry name graphicsmagick
14 silly mapToRegistry using default registry
15 silly mapToRegistry registry https://registry.npmjs.org/
16 silly mapToRegistry uri https://registry.npmjs.org/graphicsmagick
17 verbose addNameRange registry:https://registry.npmjs.org/graphicsmagick not in flight; fetching
18 verbose request uri https://registry.npmjs.org/graphicsmagick
19 verbose request no auth needed
20 info attempt registry request try #1 at 13:38:23
21 verbose request id badb4fc1c955389f
22 http request GET https://registry.npmjs.org/graphicsmagick
23 http 200 https://registry.npmjs.org/graphicsmagick
24 silly get cb [ 200,
24 silly get   { server: 'CouchDB/1.5.0 (Erlang OTP/R16B03)',
24 silly get     etag: '"2LXYCD85N7Y9NXZV18HYVFW7G"',
24 silly get     'content-type': 'application/json',
24 silly get     'cache-control': 'max-age=60',
24 silly get     'content-length': '1240',
24 silly get     'accept-ranges': 'bytes',
24 silly get     date: 'Thu, 30 Jul 2015 12:38:23 GMT',
24 silly get     via: '1.1 varnish',
24 silly get     age: '0',
24 silly get     connection: 'keep-alive',
24 silly get     'x-served-by': 'cache-lcy1127-LCY',
24 silly get     'x-cache': 'MISS',
24 silly get     'x-cache-hits': '0',
24 silly get     'x-timer': 'S1438259903.877603,VS0,VE99',
24 silly get     vary: 'Accept' } ]
25 verbose get saving graphicsmagick to /Users/julianveling/.npm/registry.npmjs.org/graphicsmagick/.cache.json
26 silly addNameRange number 2 { name: 'graphicsmagick', range: '*', hasData: true }
27 silly addNameRange versions [ 'graphicsmagick', [ '0.0.1' ] ]
28 silly addNamed graphicsmagick@0.0.1
29 verbose addNamed "0.0.1" is a plain semver version for graphicsmagick
30 silly mapToRegistry name graphicsmagick
31 silly mapToRegistry using default registry
32 silly mapToRegistry registry https://registry.npmjs.org/
33 silly mapToRegistry uri https://registry.npmjs.org/graphicsmagick
34 verbose addRemoteTarball https://registry.npmjs.org/graphicsmagick/-/graphicsmagick-0.0.1.tgz not in flight; adding
35 verbose addRemoteTarball [ 'https://registry.npmjs.org/graphicsmagick/-/graphicsmagick-0.0.1.tgz',
35 verbose addRemoteTarball   '0af95878190dcbd1028e46c13526f5284245bf29' ]
36 info retry fetch attempt 1 at 13:38:24
37 info attempt registry request try #1 at 13:38:24
38 http fetch GET https://registry.npmjs.org/graphicsmagick/-/graphicsmagick-0.0.1.tgz
39 http fetch 200 https://registry.npmjs.org/graphicsmagick/-/graphicsmagick-0.0.1.tgz
40 silly fetchAndShaCheck shasum 0af95878190dcbd1028e46c13526f5284245bf29
41 verbose addTmpTarball /var/folders/3s/99q4k3512f9gw0xw62lqpm1c0000gn/T/npm-9632-ac6b70f4/registry.npmjs.org/graphicsmagick/-/graphicsmagick-0.0.1.tgz not in flight; adding
42 verbose addTmpTarball already have metadata; skipping unpack for graphicsmagick@0.0.1
43 silly cache afterAdd graphicsmagick@0.0.1
44 verbose afterAdd /Users/julianveling/.npm/graphicsmagick/0.0.1/package/package.json not in flight; writing
45 verbose afterAdd /Users/julianveling/.npm/graphicsmagick/0.0.1/package/package.json written
46 silly install resolved [ { name: 'graphicsmagick',
46 silly install resolved     description: 'Bindings to the graphicsmagick library.',
46 silly install resolved     version: '0.0.1',
46 silly install resolved     author: { name: 'Izaak Schroeder' },
46 silly install resolved     engine: 'node >= 0.6.0',
46 silly install resolved     _npmUser: { name: 'izaakschroeder', email: 'izaakschroeder@aelatis.com' },
46 silly install resolved     _id: 'graphicsmagick@0.0.1',
46 silly install resolved     scripts: { preinstall: 'node-waf clean || (exit 0); node-waf configure build' },
46 silly install resolved     dependencies: {},
46 silly install resolved     devDependencies: {},
46 silly install resolved     optionalDependencies: {},
46 silly install resolved     engines: { node: '*' },
46 silly install resolved     _engineSupported: true,
46 silly install resolved     _npmVersion: '1.1.0-2',
46 silly install resolved     _nodeVersion: 'v0.6.8',
46 silly install resolved     _defaultsLoaded: true,
46 silly install resolved     dist:
46 silly install resolved      { shasum: '0af95878190dcbd1028e46c13526f5284245bf29',
46 silly install resolved        tarball: 'http://registry.npmjs.org/graphicsmagick/-/graphicsmagick-0.0.1.tgz' },
46 silly install resolved     readme: '',
46 silly install resolved     maintainers: [ [Object] ],
46 silly install resolved     directories: {},
46 silly install resolved     _shasum: '0af95878190dcbd1028e46c13526f5284245bf29',
46 silly install resolved     _resolved: 'https://registry.npmjs.org/graphicsmagick/-/graphicsmagick-0.0.1.tgz',
46 silly install resolved     _from: 'graphicsmagick@*' } ]
47 info install graphicsmagick@0.0.1 into /Users/julianveling/.node/lib
48 info installOne graphicsmagick@0.0.1
49 verbose installOne of graphicsmagick to /Users/julianveling/.node/lib not in flight; installing
50 verbose lock using /Users/julianveling/.npm/_locks/graphicsmagick-bb4c8564e62f8746.lock for /Users/julianveling/.node/lib/node_modules/graphicsmagick
51 silly install write writing graphicsmagick 0.0.1 to /Users/julianveling/.node/lib/node_modules/graphicsmagick
52 verbose unbuild lib/node_modules/graphicsmagick
53 silly gentlyRm /Users/julianveling/.node/lib/node_modules/graphicsmagick is being purged from base /Users/julianveling/.node
54 verbose gentlyRm don't care about contents; nuking /Users/julianveling/.node/lib/node_modules/graphicsmagick
55 verbose tar unpack /Users/julianveling/.npm/graphicsmagick/0.0.1/package.tgz
56 verbose tar unpacking to /Users/julianveling/.node/lib/node_modules/graphicsmagick
57 silly gentlyRm /Users/julianveling/.node/lib/node_modules/graphicsmagick is being purged
58 verbose gentlyRm don't care about contents; nuking /Users/julianveling/.node/lib/node_modules/graphicsmagick
59 silly gunzTarPerm modes [ '755', '644' ]
60 silly gunzTarPerm extractEntry wscript
61 silly gunzTarPerm extractEntry GraphicsMagick.cc
62 silly gunzTarPerm extractEntry README.creole
63 silly gunzTarPerm extractEntry test.jpg
64 silly gunzTarPerm extractEntry .npmignore
65 silly gunzTarPerm extractEntry build/
66 silly gunzTarPerm extractEntry build/.wafpickle-7
67 silly gunzTarPerm extractEntry test.js
68 silly gunzTarPerm extractEntry package.json
69 verbose write writing to /Users/julianveling/.node/lib/node_modules/graphicsmagick/package.json
70 info preinstall graphicsmagick@0.0.1
71 verbose unsafe-perm in lifecycle true
72 info graphicsmagick@0.0.1 Failed to exec preinstall script
73 verbose unlock done using /Users/julianveling/.npm/_locks/graphicsmagick-bb4c8564e62f8746.lock for /Users/julianveling/.node/lib/node_modules/graphicsmagick
74 verbose stack Error: graphicsmagick@0.0.1 preinstall: `node-waf clean || (exit 0); node-waf configure build`
74 verbose stack spawn ENOENT
74 verbose stack     at ChildProcess.<anonymous> (/Users/julianveling/.node/lib/node_modules/npm/lib/utils/spawn.js:17:16)
74 verbose stack     at ChildProcess.emit (events.js:110:17)
74 verbose stack     at maybeClose (child_process.js:1015:16)
74 verbose stack     at Process.ChildProcess._handle.onexit (child_process.js:1087:5)
75 verbose pkgid graphicsmagick@0.0.1
76 verbose cwd /Users/julianveling/projects/people-power
77 error Darwin 14.4.0
78 error argv "node" "/Users/julianveling/.node/bin/npm" "install" "graphicsmagick" "-g"
79 error node v0.12.6
80 error npm  v2.12.1
81 error file sh
82 error code ELIFECYCLE
83 error errno ENOENT
84 error syscall spawn
85 error graphicsmagick@0.0.1 preinstall: `node-waf clean || (exit 0); node-waf configure build`
85 error spawn ENOENT
86 error Failed at the graphicsmagick@0.0.1 preinstall script 'node-waf clean || (exit 0); node-waf configure build'.
86 error This is most likely a problem with the graphicsmagick package,
86 error not with npm itself.
86 error Tell the author that this fails on your system:
86 error     node-waf clean || (exit 0); node-waf configure build
86 error You can get their info via:
86 error     npm owner ls graphicsmagick
86 error There is likely additional logging output above.
87 verbose exit [ 1, true ]
88 verbose unbuild lib/node_modules/graphicsmagick
89 info preuninstall graphicsmagick@0.0.1
90 info uninstall graphicsmagick@0.0.1
91 verbose unbuild rmStuff graphicsmagick@0.0.1 from /Users/julianveling/.node/lib/node_modules
92 info postuninstall graphicsmagick@0.0.1
93 silly gentlyRm /Users/julianveling/.node/lib/node_modules/graphicsmagick is being purged from base /Users/julianveling/.node
94 verbose gentlyRm don't care about contents; nuking /Users/julianveling/.node/lib/node_modules/graphicsmagick
95 silly vacuum-fs purging /Users/julianveling/.node/lib/node_modules/graphicsmagick
96 silly vacuum-fs quitting because other entries in /Users/julianveling/.node/lib/node_modules
